This is pdfTeX, Version 3.14159265-2.6-1.40.16 (TeX Live 2015) (preloaded format=pdflatex 2016.4.21)  8 JUL 2019 22:28
entering extended mode
 restricted \write18 enabled.
 file:line:error style messages enabled.
 %&-line parsing enabled.
**skeleton.tex
(./skeleton.tex
LaTeX2e <2015/01/01>
Babel <3.9l> and hyphenation patterns for 79 languages loaded.
(./PoS.cls
Document Class: PoS 2015/08/05 v1.2.4 LaTeX document class - P.D.
(/usr/local/texlive/2015/texmf-dist/tex/generic/oberdiek/ifpdf.sty
Package: ifpdf 2011/01/30 v2.3 Provides the ifpdf switch (HO)
Package ifpdf Info: pdfTeX in PDF mode is detected.
)
(/usr/local/texlive/2015/texmf-dist/tex/latex/graphics/color.sty
Package: color 2014/10/28 v1.1a Standard LaTeX Color (DPC)

(/usr/local/texlive/2015/texmf-dist/tex/latex/latexconfig/color.cfg
File: color.cfg 2007/01/18 v1.5 color configuration of teTeX/TeXLive
)
Package color Info: Driver file: pdftex.def on input line 142.

(/usr/local/texlive/2015/texmf-dist/tex/latex/pdftex-def/pdftex.def
File: pdftex.def 2011/05/27 v0.06d Graphics/color for pdfTeX

(/usr/local/texlive/2015/texmf-dist/tex/generic/oberdiek/infwarerr.sty
Package: infwarerr 2010/04/08 v1.3 Providing info/warning/error messages (HO)
)
(/usr/local/texlive/2015/texmf-dist/tex/generic/oberdiek/ltxcmds.sty
Package: ltxcmds 2011/11/09 v1.22 LaTeX kernel commands for general use (HO)
)
\Gread@gobject=\count79
))
(/usr/local/texlive/2015/texmf-dist/tex/latex/amsfonts/amssymb.sty
Package: amssymb 2013/01/14 v3.01 AMS font symbols

(/usr/local/texlive/2015/texmf-dist/tex/latex/amsfonts/amsfonts.sty
Package: amsfonts 2013/01/14 v3.01 Basic AMSFonts support
\@emptytoks=\toks14
\symAMSa=\mathgroup4
\symAMSb=\mathgroup5
LaTeX Font Info:    Overwriting math alphabet `\mathfrak' in version `bold'
(Font)                  U/euf/m/n --> U/euf/b/n on input line 106.
))
(/usr/local/texlive/2015/texmf-dist/tex/latex/base/fontenc.sty
Package: fontenc 2005/09/27 v1.99g Standard LaTeX package

(/usr/local/texlive/2015/texmf-dist/tex/latex/base/t1enc.def
File: t1enc.def 2005/09/27 v1.99g Standard LaTeX file
LaTeX Font Info:    Redeclaring font encoding T1 on input line 48.
))
(/usr/local/texlive/2015/texmf-dist/tex/latex/psnfss/times.sty
Package: times 2005/04/12 PSNFSS-v9.2a (SPQR) 
)
(/usr/local/texlive/2015/texmf-dist/tex/latex/psnfss/mathptmx.sty
Package: mathptmx 2005/04/12 PSNFSS-v9.2a Times w/ Math, improved (SPQR, WaS) 
LaTeX Font Info:    Redeclaring symbol font `operators' on input line 28.
LaTeX Font Info:    Overwriting symbol font `operators' in version `normal'
(Font)                  OT1/cmr/m/n --> OT1/ztmcm/m/n on input line 28.
LaTeX Font Info:    Overwriting symbol font `operators' in version `bold'
(Font)                  OT1/cmr/bx/n --> OT1/ztmcm/m/n on input line 28.
LaTeX Font Info:    Redeclaring symbol font `letters' on input line 29.
LaTeX Font Info:    Overwriting symbol font `letters' in version `normal'
(Font)                  OML/cmm/m/it --> OML/ztmcm/m/it on input line 29.
LaTeX Font Info:    Overwriting symbol font `letters' in version `bold'
(Font)                  OML/cmm/b/it --> OML/ztmcm/m/it on input line 29.
LaTeX Font Info:    Redeclaring symbol font `symbols' on input line 30.
LaTeX Font Info:    Overwriting symbol font `symbols' in version `normal'
(Font)                  OMS/cmsy/m/n --> OMS/ztmcm/m/n on input line 30.
LaTeX Font Info:    Overwriting symbol font `symbols' in version `bold'
(Font)                  OMS/cmsy/b/n --> OMS/ztmcm/m/n on input line 30.
LaTeX Font Info:    Redeclaring symbol font `largesymbols' on input line 31.
LaTeX Font Info:    Overwriting symbol font `largesymbols' in version `normal'
(Font)                  OMX/cmex/m/n --> OMX/ztmcm/m/n on input line 31.
LaTeX Font Info:    Overwriting symbol font `largesymbols' in version `bold'
(Font)                  OMX/cmex/m/n --> OMX/ztmcm/m/n on input line 31.
\symbold=\mathgroup6
\symitalic=\mathgroup7
LaTeX Font Info:    Redeclaring math alphabet \mathbf on input line 34.
LaTeX Font Info:    Overwriting math alphabet `\mathbf' in version `normal'
(Font)                  OT1/cmr/bx/n --> OT1/ptm/bx/n on input line 34.
LaTeX Font Info:    Overwriting math alphabet `\mathbf' in version `bold'
(Font)                  OT1/cmr/bx/n --> OT1/ptm/bx/n on input line 34.
LaTeX Font Info:    Redeclaring math alphabet \mathit on input line 35.
LaTeX Font Info:    Overwriting math alphabet `\mathit' in version `normal'
(Font)                  OT1/cmr/m/it --> OT1/ptm/m/it on input line 35.
LaTeX Font Info:    Overwriting math alphabet `\mathit' in version `bold'
(Font)                  OT1/cmr/bx/it --> OT1/ptm/m/it on input line 35.
LaTeX Info: Redefining \hbar on input line 50.
)
(/usr/local/texlive/2015/texmf-dist/tex/latex/graphics/graphicx.sty
Package: graphicx 2014/10/28 v1.0g Enhanced LaTeX Graphics (DPC,SPQR)

(/usr/local/texlive/2015/texmf-dist/tex/latex/graphics/keyval.sty
Package: keyval 2014/10/28 v1.15 key=value parser (DPC)
\KV@toks@=\toks15
)
(/usr/local/texlive/2015/texmf-dist/tex/latex/graphics/graphics.sty
Package: graphics 2014/10/28 v1.0p Standard LaTeX Graphics (DPC,SPQR)

(/usr/local/texlive/2015/texmf-dist/tex/latex/graphics/trig.sty
Package: trig 1999/03/16 v1.09 sin cos tan (DPC)
)
(/usr/local/texlive/2015/texmf-dist/tex/latex/latexconfig/graphics.cfg
File: graphics.cfg 2010/04/23 v1.9 graphics configuration of TeX Live
)
Package graphics Info: Driver file: pdftex.def on input line 94.
)
\Gin@req@height=\dimen102
\Gin@req@width=\dimen103
)
\symforjmath=\mathgroup8

(/usr/local/texlive/2015/texmf-dist/tex/latex/base/size11.clo
File: size11.clo 2014/09/29 v1.4h Standard LaTeX file (size option)
)
(/usr/local/texlive/2015/texmf-dist/tex/generic/pdftex/pdfcolor.tex)
\titlesk@a=\skip41
\titlesk@b=\skip42
\titlesk@c=\skip43
\c@part=\count80
\c@section=\count81
\c@subsection=\count82
\c@subsubsection=\count83
\c@paragraph=\count84
\c@subparagraph=\count85
\prev@t=\toks16
\cur@t=\toks17
\@firstaubox=\box26
\addr@skip=\skip44
\auth@skip=\skip45
\PoSshorttitle@box=\box27
\PoScopy@date=\box28
\PoSpaper@url=\box29
LaTeX Font Info:    Try loading font information for T1+pcr on input line 708.

(/usr/local/texlive/2015/texmf-dist/tex/latex/psnfss/t1pcr.fd
File: t1pcr.fd 2001/06/04 font definitions for T1/pcr.
)
\c@figure=\count86
\c@table=\count87
\c@OptionTest=\count88
\@tmpbox=\box30
\figbox=\box31
\tabbox=\box32
\pagebox=\box33
\ffigcount=\count89
\ftabcount=\count90
\hangcount=\count91
\nosuccesstryfig=\count92
\nosuccesstrytab=\count93
\figgutter=\dimen104
\tabgutter=\dimen105
\fl@wd=\dimen106
\fl@ht=\dimen107
\htdone=\dimen108
\pageht=\dimen109
\startpageht=\dimen110
\floatfltwidth=\dimen111
\fltitemwidth=\dimen112
\outputpretest=\toks18
\JCAP@outputbox=\box34
\abovecaptionskip=\skip46
\belowcaptionskip=\skip47
\bibindent=\dimen113
)
(/usr/local/texlive/2015/texmf-dist/tex/latex/subfig/subfig.sty
Package: subfig 2005/06/28 ver: 1.3 subfig package

(/usr/local/texlive/2015/texmf-dist/tex/latex/caption/caption.sty
Package: caption 2013/05/02 v3.3-89 Customizing captions (AR)

(/usr/local/texlive/2015/texmf-dist/tex/latex/caption/caption3.sty
Package: caption3 2013/05/02 v1.6-88 caption3 kernel (AR)
Package caption3 Info: TeX engine: e-TeX on input line 57.
\captionmargin=\dimen114
\captionmargin@=\dimen115
\captionwidth=\dimen116
\caption@tempdima=\dimen117
\caption@indent=\dimen118
\caption@parindent=\dimen119
\caption@hangindent=\dimen120
Package caption Info: Unknown document class (or package),
(caption)             standard defaults will be used.
)

Package caption Warning: Unsupported document class (or package) detected,
(caption)                usage of the caption package is not recommended.
See the caption package documentation for explanation.

Package caption Info: \@makecaption = \long macro:#1#2->\if@hyper {\edef \@pipp
o {the\@captype } \name {\@captype \expandafter \csname \@pippo \endcsname }}\f
i \vskip \abovecaptionskip {\let \label \@gobble \let \index \@gobble \let \glo
ssary \@gobble \sbox \@tempboxa {\small {\bfseries #1:} #2}\global \dimen 0\wd 
\@tempboxa }\ifdim \dimen 0 >\hsize \small {\bfseries #1:} #2\par \else \global
 \@minipagefalse \sbox \@tempboxa {\small {\bfseries #1:} #2}\hb@xt@ \hsize {\h
fil \box \@tempboxa \hfil }\fi \vskip \belowcaptionskip .
\c@ContinuedFloat=\count94
)
\c@KVtest=\count95
\sf@farskip=\skip48
\sf@captopadj=\dimen121
\sf@capskip=\skip49
\sf@nearskip=\skip50
\c@subfigure=\count96
\c@subfigure@save=\count97
\c@lofdepth=\count98
\c@subtable=\count99
\c@subtable@save=\count100
\c@lotdepth=\count101
\sf@top=\skip51
\sf@bottom=\skip52
)
LaTeX Font Info:    Try loading font information for T1+ptm on input line 11.
 (/usr/local/texlive/2015/texmf-dist/tex/latex/psnfss/t1ptm.fd
File: t1ptm.fd 2001/06/04 font definitions for T1/ptm.
)
(./skeleton.aux)
\openout1 = `skeleton.aux'.

LaTeX Font Info:    Checking defaults for OML/cmm/m/it on input line 38.
LaTeX Font Info:    ... okay on input line 38.
LaTeX Font Info:    Checking defaults for T1/cmr/m/n on input line 38.
LaTeX Font Info:    ... okay on input line 38.
LaTeX Font Info:    Checking defaults for OT1/cmr/m/n on input line 38.
LaTeX Font Info:    ... okay on input line 38.
LaTeX Font Info:    Checking defaults for OMS/cmsy/m/n on input line 38.
LaTeX Font Info:    ... okay on input line 38.
LaTeX Font Info:    Checking defaults for OMX/cmex/m/n on input line 38.
LaTeX Font Info:    ... okay on input line 38.
LaTeX Font Info:    Checking defaults for U/cmr/m/n on input line 38.
LaTeX Font Info:    ... okay on input line 38.

(/usr/local/texlive/2015/texmf-dist/tex/context/base/supp-pdf.mkii
[Loading MPS to PDF converter (version 2006.09.02).]
\scratchcounter=\count102
\scratchdimen=\dimen122
\scratchbox=\box35
\nofMPsegments=\count103
\nofMParguments=\count104
\everyMPshowfont=\toks19
\MPscratchCnt=\count105
\MPscratchDim=\dimen123
\MPnumerator=\count106
\makeMPintoPDFobject=\count107
\everyMPtoPDFconversion=\toks20
)
\big@size=\dimen124
 (/usr/local/texlive/2015/texmf-dist/tex/generic/oberdiek/pdftexcmds.sty
Package: pdftexcmds 2011/11/29 v0.20 Utility functions of pdfTeX for LuaTeX (HO
)

(/usr/local/texlive/2015/texmf-dist/tex/generic/oberdiek/ifluatex.sty
Package: ifluatex 2010/03/01 v1.3 Provides the ifluatex switch (HO)
Package ifluatex Info: LuaTeX not detected.
)
Package pdftexcmds Info: LuaTeX not detected.
Package pdftexcmds Info: \pdf@primitive is available.
Package pdftexcmds Info: \pdf@ifprimitive is available.
Package pdftexcmds Info: \pdfdraftmode found.
)
(/usr/local/texlive/2015/texmf-dist/tex/latex/oberdiek/epstopdf-base.sty
Package: epstopdf-base 2010/02/09 v2.5 Base part for package epstopdf

(/usr/local/texlive/2015/texmf-dist/tex/latex/oberdiek/grfext.sty
Package: grfext 2010/08/19 v1.1 Manage graphics extensions (HO)

(/usr/local/texlive/2015/texmf-dist/tex/generic/oberdiek/kvdefinekeys.sty
Package: kvdefinekeys 2011/04/07 v1.3 Define keys (HO)
))
(/usr/local/texlive/2015/texmf-dist/tex/latex/oberdiek/kvoptions.sty
Package: kvoptions 2011/06/30 v3.11 Key value format for package options (HO)

(/usr/local/texlive/2015/texmf-dist/tex/generic/oberdiek/kvsetkeys.sty
Package: kvsetkeys 2012/04/25 v1.16 Key value parser (HO)

(/usr/local/texlive/2015/texmf-dist/tex/generic/oberdiek/etexcmds.sty
Package: etexcmds 2011/02/16 v1.5 Avoid name clashes with e-TeX commands (HO)
Package etexcmds Info: Could not find \expanded.
(etexcmds)             That can mean that you are not using pdfTeX 1.50 or
(etexcmds)             that some package has redefined \expanded.
(etexcmds)             In the latter case, load this package earlier.
)))
Package grfext Info: Graphics extension search list:
(grfext)             [.pdf,.jpg,.jpeg,.eps]
(grfext)             \AppendGraphicsExtensions on input line 452.

(/usr/local/texlive/2015/texmf-dist/tex/latex/latexconfig/epstopdf-sys.cfg
File: epstopdf-sys.cfg 2010/07/13 v1.3 Configuration of (r)epstopdf for TeX Liv
e
))
LaTeX Font Info:    Try loading font information for T1+phv on input line 38.

(/usr/local/texlive/2015/texmf-dist/tex/latex/psnfss/t1phv.fd
File: t1phv.fd 2001/06/04 scalable font definitions for T1/phv.
)
LaTeX Font Info:    Font shape `T1/phv/bx/n' in size <17.28> not available
(Font)              Font shape `T1/phv/b/n' tried instead on input line 38.
LaTeX Font Info:    Font shape `T1/ptm/bx/n' in size <10.95> not available
(Font)              Font shape `T1/ptm/b/n' tried instead on input line 38.
LaTeX Font Info:    Font shape `T1/phv/bx/n' in size <10.95> not available
(Font)              Font shape `T1/phv/b/n' tried instead on input line 38.
LaTeX Font Info:    Font shape `T1/phv/bx/n' in size <10> not available
(Font)              Font shape `T1/phv/b/n' tried instead on input line 38.
LaTeX Font Info:    Try loading font information for OT1+ztmcm on input line 38
.

(/usr/local/texlive/2015/texmf-dist/tex/latex/psnfss/ot1ztmcm.fd
File: ot1ztmcm.fd 2000/01/03 Fontinst v1.801 font definitions for OT1/ztmcm.
)
LaTeX Font Info:    Try loading font information for OML+ztmcm on input line 38
.

(/usr/local/texlive/2015/texmf-dist/tex/latex/psnfss/omlztmcm.fd
File: omlztmcm.fd 2000/01/03 Fontinst v1.801 font definitions for OML/ztmcm.
)
LaTeX Font Info:    Try loading font information for OMS+ztmcm on input line 38
.

(/usr/local/texlive/2015/texmf-dist/tex/latex/psnfss/omsztmcm.fd
File: omsztmcm.fd 2000/01/03 Fontinst v1.801 font definitions for OMS/ztmcm.
)
LaTeX Font Info:    Try loading font information for OMX+ztmcm on input line 38
.

(/usr/local/texlive/2015/texmf-dist/tex/latex/psnfss/omxztmcm.fd
File: omxztmcm.fd 2000/01/03 Fontinst v1.801 font definitions for OMX/ztmcm.
)
LaTeX Font Info:    Try loading font information for OT1+ptm on input line 38.

(/usr/local/texlive/2015/texmf-dist/tex/latex/psnfss/ot1ptm.fd
File: ot1ptm.fd 2001/06/04 font definitions for OT1/ptm.
)
LaTeX Font Info:    Font shape `OT1/ptm/bx/n' in size <10.95> not available
(Font)              Font shape `OT1/ptm/b/n' tried instead on input line 38.
LaTeX Font Info:    Font shape `OT1/ptm/bx/n' in size <8> not available
(Font)              Font shape `OT1/ptm/b/n' tried instead on input line 38.
LaTeX Font Info:    Font shape `OT1/ptm/bx/n' in size <6> not available
(Font)              Font shape `OT1/ptm/b/n' tried instead on input line 38.
LaTeX Font Info:    Try loading font information for OMS+ptm on input line 38.

(/usr/local/texlive/2015/texmf-dist/tex/latex/psnfss/omsptm.fd
File: omsptm.fd 
)
LaTeX Font Info:    Font shape `OMS/ptm/m/n' in size <8> not available
(Font)              Font shape `OMS/cmsy/m/n' tried instead on input line 38.
LaTeX Font Info:    Font shape `OT1/ptm/bx/n' in size <9> not available
(Font)              Font shape `OT1/ptm/b/n' tried instead on input line 38.
LaTeX Font Info:    Font shape `OT1/ptm/bx/n' in size <7> not available
(Font)              Font shape `OT1/ptm/b/n' tried instead on input line 38.
LaTeX Font Info:    Font shape `OT1/ptm/bx/n' in size <5> not available
(Font)              Font shape `OT1/ptm/b/n' tried instead on input line 38.
LaTeX Font Info:    Font shape `OMS/ptm/m/n' in size <7> not available
(Font)              Font shape `OMS/cmsy/m/n' tried instead on input line 38.

<PoSlogo.pdf, id=2, 430.60875pt x 45.16875pt>
File: PoSlogo.pdf Graphic file (type pdf)
 <use PoSlogo.pdf>
Package pdftex.def Info: PoSlogo.pdf used on input line 38.
(pdftex.def)             Requested size: 430.60768pt x 45.16862pt.
LaTeX Font Info:    Font shape `OMS/ptm/m/n' in size <6> not available
(Font)              Font shape `OMS/cmsy/m/n' tried instead on input line 38.
 [0

{/usr/local/texlive/2015/texmf-var/fonts/map/pdftex/updmap/pdftex.map} <./PoSlo
go.pdf>]
Package caption Info: Begin \AtBeginDocument code.
Package caption Info: subfig package v1.3 is loaded.
Package caption Info: End \AtBeginDocument code.
LaTeX Font Info:    Font shape `T1/ptm/bx/n' in size <12> not available
(Font)              Font shape `T1/ptm/b/n' tried instead on input line 44.


LaTeX Warning: Citation `dampe-mision' on page 1 undefined on input line 50.

[1]

LaTeX Warning: Reference `map' on page 2 undefined on input line 74.

<effective_Area.png, id=35, 721.69624pt x 296.10625pt>
File: effective_Area.png Graphic file (type png)

<use effective_Area.png>
Package pdftex.def Info: effective_Area.png used on input line 87.
(pdftex.def)             Requested size: 469.097pt x 192.46677pt.

Overfull \hbox (38.89061pt too wide) in paragraph at lines 87--88
[][] 
 []

[2 <./effective_Area.png>] [3]
<J0835-4510phase_3deg.png, id=64, 1156.32pt x 722.7pt>
File: J0835-4510phase_3deg.png Graphic file (type png)

<use J0835-4510phase_3deg.png>
Package pdftex.def Info: J0835-4510phase_3deg.png used on input line 168.
(pdftex.def)             Requested size: 215.1032pt x 134.43625pt.

<J0835-4510H_value_3deg.png, id=65, 867.24pt x 722.7pt>
File: J0835-4510H_value_3deg.png Graphic file (type png)

<use J0835-4510H_value_3deg.png>
Package pdftex.def Info: J0835-4510H_value_3deg.png used on input line 173.
(pdftex.def)             Requested size: 129.06322pt x 107.5512pt.

<J0835-4510position.png, id=66, 867.24pt x 578.16pt>
File: J0835-4510position.png Graphic file (type png)

<use J0835-4510position.png>
Package pdftex.def Info: J0835-4510position.png used on input line 174.
(pdftex.def)             Requested size: 172.07993pt x 114.71246pt.

<J0633+1746phase_3deg.png, id=69, 1156.32pt x 722.7pt>
File: J0633+1746phase_3deg.png Graphic file (type png)

<use J0633+1746phase_3deg.png>
Package pdftex.def Info: J0633+1746phase_3deg.png used on input line 182.
(pdftex.def)             Requested size: 215.1032pt x 134.43625pt.

<flux_geminga.png, id=70, 721.69624pt x 654.445pt>
File: flux_geminga.png Graphic file (type png)
 <use flux_geminga.png>
Package pdftex.def Info: flux_geminga.png used on input line 183.
(pdftex.def)             Requested size: 129.06322pt x 117.03607pt.

<J0633+1746H_value_3deg.png, id=71, 867.24pt x 722.7pt>
File: J0633+1746H_value_3deg.png Graphic file (type png)

<use J0633+1746H_value_3deg.png>
Package pdftex.def Info: J0633+1746H_value_3deg.png used on input line 187.
(pdftex.def)             Requested size: 129.06322pt x 107.5512pt.

<J0633+1746position.png, id=72, 867.24pt x 578.16pt>
File: J0633+1746position.png Graphic file (type png)

<use J0633+1746position.png>
Package pdftex.def Info: J0633+1746position.png used on input line 188.
(pdftex.def)             Requested size: 172.07993pt x 114.71246pt.

<J1709-4429phase_3deg.png, id=73, 1156.32pt x 722.7pt>
File: J1709-4429phase_3deg.png Graphic file (type png)

<use J1709-4429phase_3deg.png>
Package pdftex.def Info: J1709-4429phase_3deg.png used on input line 198.
(pdftex.def)             Requested size: 215.1032pt x 134.43625pt.

<flux_J1709-4429.png, id=74, 721.69624pt x 654.445pt>
File: flux_J1709-4429.png Graphic file (type png)

<use flux_J1709-4429.png>
Package pdftex.def Info: flux_J1709-4429.png used on input line 199.
(pdftex.def)             Requested size: 129.06322pt x 117.03607pt.

<J1709-4429H_value_3deg.png, id=75, 867.24pt x 722.7pt>
File: J1709-4429H_value_3deg.png Graphic file (type png)

<use J1709-4429H_value_3deg.png>
Package pdftex.def Info: J1709-4429H_value_3deg.png used on input line 203.
(pdftex.def)             Requested size: 129.06322pt x 107.5512pt.

<J1709-4429position.png, id=76, 867.24pt x 578.16pt>
File: J1709-4429position.png Graphic file (type png)

<use J1709-4429position.png>
Package pdftex.def Info: J1709-4429position.png used on input line 204.
(pdftex.def)             Requested size: 172.07993pt x 114.71246pt.

<J0534+2200phase_3deg.png, id=77, 1156.32pt x 722.7pt>
File: J0534+2200phase_3deg.png Graphic file (type png)

<use J0534+2200phase_3deg.png>
Package pdftex.def Info: J0534+2200phase_3deg.png used on input line 213.
(pdftex.def)             Requested size: 215.1032pt x 134.43625pt.
 <flux_crab.png, id=78, 721.69624pt x 654.445pt>
File: flux_crab.png Graphic file (type png)

<use flux_crab.png>
Package pdftex.def Info: flux_crab.png used on input line 214.
(pdftex.def)             Requested size: 129.06322pt x 117.03607pt.
 <J0534+2200H_value_3deg.png, id=79, 867.24pt x 722.7pt>
File: J0534+2200H_value_3deg.png Graphic file (type png)

<use J0534+2200H_value_3deg.png>
Package pdftex.def Info: J0534+2200H_value_3deg.png used on input line 218.
(pdftex.def)             Requested size: 129.06322pt x 107.5512pt.

<J0534+2200position.png, id=80, 867.24pt x 578.16pt>
File: J0534+2200position.png Graphic file (type png)

<use J0534+2200position.png>
Package pdftex.def Info: J0534+2200position.png used on input line 219.
(pdftex.def)             Requested size: 172.07993pt x 114.71246pt.

<J0007+7303phase_3deg.png, id=81, 1156.32pt x 722.7pt>
File: J0007+7303phase_3deg.png Graphic file (type png)

<use J0007+7303phase_3deg.png>
Package pdftex.def Info: J0007+7303phase_3deg.png used on input line 227.
(pdftex.def)             Requested size: 215.1032pt x 134.43625pt.

<flux_j0007+7303.png, id=82, 721.69624pt x 654.445pt>
File: flux_j0007+7303.png Graphic file (type png)

<use flux_j0007+7303.png>
Package pdftex.def Info: flux_j0007+7303.png used on input line 228.
(pdftex.def)             Requested size: 129.06322pt x 117.03607pt.
 <J0007+7303position.png, id=83, 867.24pt x 578.16pt>
File: J0007+7303position.png Graphic file (type png)

<use J0007+7303position.png>
Package pdftex.def Info: J0007+7303position.png used on input line 232.
(pdftex.def)             Requested size: 172.07993pt x 114.71246pt.

Overfull \hbox (86.03995pt too wide) in paragraph at lines 227--234
 [][][][] 
 []

[4]
LaTeX Font Info:    Font shape `T1/ptm/bx/n' in size <10> not available
(Font)              Font shape `T1/ptm/b/n' tried instead on input line 260.
 [5 <./J0835-4510phase_3deg.png> <./J0835-4510H_value_3deg.png> <./J0835-4510po
sition.png>] [6 <./J0633+1746phase_3deg.png> <./flux_geminga.png> <./J0633+1746
H_value_3deg.png> <./J0633+1746position.png>] [7 <./J1709-4429phase_3deg.png> <
./flux_J1709-4429.png> <./J1709-4429H_value_3deg.png> <./J1709-4429position.png
>] [8 <./J0534+2200phase_3deg.png> <./flux_crab.png> <./J0534+2200H_value_3deg.
png> <./J0534+2200position.png> <./J0007+7303phase_3deg.png> <./flux_j0007+7303
.png> <./J0007+7303position.png>] (./skeleton.aux)

LaTeX Warning: There were undefined references.

 ) 
Here is how much of TeX's memory you used:
 4048 strings out of 493089
 59329 string characters out of 6134842
 126891 words of memory out of 5000000
 7390 multiletter control sequences out of 15000+600000
 72672 words of font info for 117 fonts, out of 8000000 for 9000
 1141 hyphenation exceptions out of 8191
 44i,15n,47p,936b,370s stack positions out of 5000i,500n,10000p,200000b,80000s
{/usr/local/texlive/2015/texmf-dist/fonts/enc/dvips/base/8r.enc}</usr/local/t
exlive/2015/texmf-dist/fonts/type1/public/amsfonts/cm/cmmi10.pfb></usr/local/te
xlive/2015/texmf-dist/fonts/type1/public/amsfonts/cm/cmr10.pfb></usr/local/texl
ive/2015/texmf-dist/fonts/type1/public/amsfonts/cm/cmsy10.pfb></usr/local/texli
ve/2015/texmf-dist/fonts/type1/public/amsfonts/cm/cmsy6.pfb></usr/local/texlive
/2015/texmf-dist/fonts/type1/public/amsfonts/cm/cmsy7.pfb></usr/local/texlive/2
015/texmf-dist/fonts/type1/public/amsfonts/cm/cmsy8.pfb></usr/local/texlive/201
5/texmf-dist/fonts/type1/urw/courier/ucrr8a.pfb></usr/local/texlive/2015/texmf-
dist/fonts/type1/urw/helvetic/uhvb8a.pfb></usr/local/texlive/2015/texmf-dist/fo
nts/type1/urw/symbol/usyr.pfb></usr/local/texlive/2015/texmf-dist/fonts/type1/u
rw/times/utmb8a.pfb></usr/local/texlive/2015/texmf-dist/fonts/type1/urw/times/u
tmr8a.pfb></usr/local/texlive/2015/texmf-dist/fonts/type1/urw/times/utmri8a.pfb
>
Output written on skeleton.pdf (9 pages, 876851 bytes).
PDF statistics:
 186 PDF objects out of 1000 (max. 8388607)
 119 compressed objects within 2 object streams
 33 named destinations out of 1000 (max. 500000)
 101 words of extra memory for PDF output out of 10000 (max. 10000000)

